app/build/intermediates/manifest_merge_blame_file/release/manifest-merger-blame-release-report.txt
1<?xml version="1.0" encoding="utf-8"?>
2<manifest xmlns:android="http://schemas.android.com/apk/res/android"
3    package="com.xyqlx.paddydoctor"
4    android:versionCode="1"
5    android:versionName="1.0" >
6
7    <uses-sdk
8        android:minSdkVersion="24"
8-->src\main\AndroidManifest.xml
9        android:targetSdkVersion="29" />
9-->src\main\AndroidManifest.xml
10    <!-- 如果不必需相机也能使用，请将required设置为false，并在使用时检查hasSystemFeature(PackageManager.FEATURE_CAMERA_ANY) -->
11    <uses-feature
11-->src\main\AndroidManifest.xml:5:5-7:35
12        android:name="android.hardware.camera"
12-->src\main\AndroidManifest.xml:6:9-47
13        android:required="true" />
13-->src\main\AndroidManifest.xml:7:9-32
14    <uses-feature android:name="android.hardware.camera.autofocus" />
14-->src\main\AndroidManifest.xml:8:5-70
14-->src\main\AndroidManifest.xml:8:19-67
15
16    <uses-permission android:name="android.permission.READ_EXTERNAL_STORAGE" />
16-->src\main\AndroidManifest.xml:10:5-80
16-->src\main\AndroidManifest.xml:10:22-77
17    <uses-permission android:name="android.permission.WRITE_EXTERNAL_STORAGE" />
17-->src\main\AndroidManifest.xml:11:5-81
17-->src\main\AndroidManifest.xml:11:22-78
18    <!-- 添加网络权限 -->
19    <uses-permission android:name="android.permission.INTERNET" />
19-->src\main\AndroidManifest.xml:13:5-67
19-->src\main\AndroidManifest.xml:13:22-64
20    <uses-permission android:name="android.permission.ACCESS_COARSE_LOCATION" />
20-->src\main\AndroidManifest.xml:14:5-80
20-->src\main\AndroidManifest.xml:14:22-78
21    <uses-permission android:name="android.permission.ACCESS_FINE_LOCATION" />
21-->src\main\AndroidManifest.xml:15:5-79
21-->src\main\AndroidManifest.xml:15:22-76
22    <uses-permission android:name="android.permission.CAMERA" />
22-->src\main\AndroidManifest.xml:17:5-65
22-->src\main\AndroidManifest.xml:17:22-62
23
24    <application
24-->src\main\AndroidManifest.xml:19:5-62:19
25        android:allowBackup="true"
25-->src\main\AndroidManifest.xml:20:9-35
26        android:appComponentFactory="androidx.core.app.CoreComponentFactory"
26-->[androidx.core:core:1.3.1] AndroidManifest.xml:24:18-86
27        android:extractNativeLibs="false"
28        android:icon="@mipmap/ic_launcher"
28-->src\main\AndroidManifest.xml:21:9-43
29        android:label="@string/app_name"
29-->src\main\AndroidManifest.xml:22:9-41
30        android:networkSecurityConfig="@xml/network_config"
30-->src\main\AndroidManifest.xml:23:9-60
31        android:requestLegacyExternalStorage="true"
31-->src\main\AndroidManifest.xml:24:9-52
32        android:roundIcon="@mipmap/ic_launcher_round"
32-->src\main\AndroidManifest.xml:25:9-54
33        android:supportsRtl="true"
33-->src\main\AndroidManifest.xml:26:9-35
34        android:theme="@style/Theme.PaddyDoctor" >
34-->src\main\AndroidManifest.xml:27:9-49
35        <activity
35-->src\main\AndroidManifest.xml:28:9-29:61
36            android:name="com.xyqlx.paddydoctor.ui.profile.ProfileActivity"
36-->src\main\AndroidManifest.xml:28:19-61
37            android:label="@string/title_activity_profile" />
37-->src\main\AndroidManifest.xml:29:13-59
38        <activity
38-->src\main\AndroidManifest.xml:30:9-32:62
39            android:name="com.xyqlx.paddydoctor.ui.history.HistoryActivity"
39-->src\main\AndroidManifest.xml:31:13-55
40            android:label="@string/title_activity_history" />
40-->src\main\AndroidManifest.xml:32:13-59
41
42        <provider
42-->src\main\AndroidManifest.xml:34:9-42:20
43            android:name="androidx.core.content.FileProvider"
43-->src\main\AndroidManifest.xml:35:13-62
44            android:authorities="com.example.android.fileprovider"
44-->src\main\AndroidManifest.xml:36:13-67
45            android:exported="false"
45-->src\main\AndroidManifest.xml:37:13-37
46            android:grantUriPermissions="true" >
46-->src\main\AndroidManifest.xml:38:13-47
47            <meta-data
47-->src\main\AndroidManifest.xml:39:13-41:54
48                android:name="android.support.FILE_PROVIDER_PATHS"
48-->src\main\AndroidManifest.xml:40:17-67
49                android:resource="@xml/file_paths" />
49-->src\main\AndroidManifest.xml:41:17-51
50        </provider>
51
52        <activity
52-->src\main\AndroidManifest.xml:43:9-46:20
53            android:name="com.xyqlx.paddydoctor.DetectorActivity"
53-->src\main\AndroidManifest.xml:44:13-45
54            android:screenOrientation="portrait" >
54-->src\main\AndroidManifest.xml:45:13-49
55        </activity>
56        <activity
56-->src\main\AndroidManifest.xml:47:9-49:72
57            android:name="com.xyqlx.paddydoctor.BottomNavigationActivity"
57-->src\main\AndroidManifest.xml:48:13-53
58            android:label="@string/title_activity_bottom_navigation" />
58-->src\main\AndroidManifest.xml:49:13-69
59        <activity android:name="com.xyqlx.paddydoctor.PhotoActivity" />
59-->src\main\AndroidManifest.xml:50:9-51
59-->src\main\AndroidManifest.xml:50:19-48
60        <activity
60-->src\main\AndroidManifest.xml:51:9-60:20
61            android:name="com.xyqlx.paddydoctor.ui.login.LoginActivity"
61-->src\main\AndroidManifest.xml:52:13-51
62            android:label="@string/app_name" >
62-->src\main\AndroidManifest.xml:53:13-45
63
64            <!-- 标明了启动页所处的activity -->
65            <intent-filter>
65-->src\main\AndroidManifest.xml:56:13-59:29
66                <action android:name="android.intent.action.MAIN" />
66-->src\main\AndroidManifest.xml:57:17-69
66-->src\main\AndroidManifest.xml:57:25-66
67
68                <category android:name="android.intent.category.LAUNCHER" />
68-->src\main\AndroidManifest.xml:58:17-77
68-->src\main\AndroidManifest.xml:58:27-74
69            </intent-filter>
70        </activity>
71        <activity android:name="com.xyqlx.paddydoctor.MainActivity" />
71-->src\main\AndroidManifest.xml:61:9-50
71-->src\main\AndroidManifest.xml:61:19-47
72    </application>
73
74</manifest>